<?xml version="1.0" encoding="UTF-8"?>
<!-- Generated by org.testng.reporters.JUnitReportReporter -->
<testsuite hostname="DESKTOP-O7S1KJB" failures="0" tests="4" name="api.test.DataDrivenTests" time="14.847" errors="0" timestamp="2023-08-01T12:18:45 IST" skipped="0">
  <testcase classname="api.test.DataDrivenTests" name="testPostUser" time="1.860"/>
  <system-out/>
  <testcase classname="api.test.DataDrivenTests" name="testPostUser" time="9.256"/>
  <system-out/>
  <testcase classname="api.test.DataDrivenTests" name="testDeleteUserByName" time="1.605"/>
  <system-out/>
  <testcase classname="api.test.DataDrivenTests" name="testDeleteUserByName" time="2.126"/>
  <system-out/>
</testsuite> <!-- api.test.DataDrivenTests -->
