<?xml version="1.0" encoding="UTF-8"?>
<!-- Generated by org.testng.reporters.JUnitReportReporter -->
<testsuite hostname="DESKTOP-O7S1KJB" failures="0" tests="4" name="api.test.UserTests" time="15.326" errors="0" timestamp="2023-08-01T12:21:49 IST" skipped="0">
  <testcase classname="api.test.UserTests" name="testPostUser" time="6.676"/>
  <system-out/>
  <testcase classname="api.test.UserTests" name="testGetUserByName" time="3.207"/>
  <system-out/>
  <testcase classname="api.test.UserTests" name="testUpdateUserByName" time="3.831"/>
  <system-out/>
  <testcase classname="api.test.UserTests" name="testDeleteUserByName" time="1.612"/>
  <system-out/>
</testsuite> <!-- api.test.UserTests -->
